c:\users\administrator\documents\gk_jxjj\imagelabeling\imagelabeling\x64\debug\moc_imagedisplay.obj
c:\users\administrator\documents\gk_jxjj\imagelabeling\imagelabeling\x64\debug\main.obj
c:\users\administrator\documents\gk_jxjj\imagelabeling\imagelabeling\x64\debug\qrc_imagelabeling.obj
c:\users\administrator\documents\gk_jxjj\imagelabeling\imagelabeling\x64\debug\imagedisplay.obj
c:\users\administrator\documents\gk_jxjj\imagelabeling\imagelabeling\x64\debug\moc_imagelabeling.obj
c:\users\administrator\documents\gk_jxjj\imagelabeling\imagelabeling\generatedfiles\ui_imagelabeling.h
c:\users\administrator\documents\gk_jxjj\imagelabeling\imagelabeling\generatedfiles\qrc_imagelabeling.cpp
c:\users\administrator\documents\gk_jxjj\imagelabeling\imagelabeling\generatedfiles\debug\moc_imagelabeling.cpp
c:\users\administrator\documents\gk_jxjj\imagelabeling\imagelabeling\generatedfiles\debug\moc_imagedisplay.cpp
c:\users\administrator\documents\gk_jxjj\imagelabeling\imagelabeling\.\generatedfiles\debug\moc_imagelabeling.cpp
c:\users\administrator\documents\gk_jxjj\imagelabeling\imagelabeling\.\generatedfiles\debug\moc_imagedisplay.cpp
c:\users\administrator\documents\gk_jxjj\imagelabeling\imagelabeling\.\generatedfiles\qrc_imagelabeling.cpp
c:\users\administrator\documents\gk_jxjj\imagelabeling\imagelabeling\.\generatedfiles\ui_imagelabeling.h
c:\users\administrator\documents\gk_jxjj\imagelabeling\imagelabeling\x64\debug\vc141.pdb
c:\users\administrator\documents\gk_jxjj\imagelabeling\imagelabeling\x64\debug\imagelabeling.tlog\cl.15772.write.1.tlog
c:\users\administrator\documents\gk_jxjj\imagelabeling\imagelabeling\x64\debug\imagelabeling.tlog\cl.command.1.tlog
c:\users\administrator\documents\gk_jxjj\imagelabeling\imagelabeling\x64\debug\imagelabeling.tlog\cl.read.1.tlog
c:\users\administrator\documents\gk_jxjj\imagelabeling\imagelabeling\x64\debug\imagelabeling.tlog\imagelabeling.write.1u.tlog
c:\users\administrator\documents\gk_jxjj\imagelabeling\imagelabeling\x64\debug\imagelabeling.tlog\moc.read.1u.tlog
c:\users\administrator\documents\gk_jxjj\imagelabeling\imagelabeling\x64\debug\imagelabeling.tlog\moc.write.1u.tlog
c:\users\administrator\documents\gk_jxjj\imagelabeling\imagelabeling\x64\debug\imagelabeling.tlog\rcc.read.1u.tlog
c:\users\administrator\documents\gk_jxjj\imagelabeling\imagelabeling\x64\debug\imagelabeling.tlog\rcc.write.1u.tlog
c:\users\administrator\documents\gk_jxjj\imagelabeling\imagelabeling\x64\debug\imagelabeling.tlog\uic.read.1u.tlog
c:\users\administrator\documents\gk_jxjj\imagelabeling\imagelabeling\x64\debug\imagelabeling.tlog\uic.write.1u.tlog
